C:\Users\rytan\AppData\Local\Programs\CLion\bin\cmake\win\x64\bin\cmake.exe -DCMAKE_BUILD_TYPE=Debug "-DCMAKE_CXX_FLAGS=-fprofile-instr-generate -fcoverage-mapping" "-DCMAKE_C_FLAGS=-fprofile-instr-generate -fcoverage-mapping" -G "CodeBlocks - MinGW Makefiles" -S C:\Users\rytan\Downloads\ATCS\Unit_4\HashTableMovieReviewer2023 -B C:\Users\rytan\Downloads\ATCS\Unit_4\HashTableMovieReviewer2023\cmake-build-debug-coverage
-- The C compiler identification is GNU 13.1.0
-- The CXX compiler identification is GNU 13.1.0
-- Detecting C compiler ABI info
-- Detecting C compiler ABI info - failed
-- Check for working C compiler: C:/Users/rytan/AppData/Local/Programs/CLion/bin/mingw/bin/gcc.exe
-- Check for working C compiler: C:/Users/rytan/AppData/Local/Programs/CLion/bin/mingw/bin/gcc.exe - broken
CMake Error at C:/Users/rytan/AppData/Local/Programs/CLion/bin/cmake/win/x64/share/cmake-3.26/Modules/CMakeTestCCompiler.cmake:67 (message):
  The C compiler

    "C:/Users/rytan/AppData/Local/Programs/CLion/bin/mingw/bin/gcc.exe"

  is not able to compile a simple test program.

  It fails with the following output:

    Change Dir: C:/Users/rytan/Downloads/ATCS/Unit_4/HashTableMovieReviewer2023/cmake-build-debug-coverage/CMakeFiles/CMakeScratch/TryCompile-sjmvp9
    
    Run Build Command(s):C:/Users/rytan/AppData/Local/Programs/CLion/bin/cmake/win/x64/bin/cmake.exe -E env VERBOSE=1 C:/Users/rytan/AppData/Local/Programs/CLion/bin/mingw/bin/mingw32-make.exe -f Makefile cmTC_ac3b9/fast && C:/Users/rytan/AppData/Local/Programs/CLion/bin/mingw/bin/mingw32-make.exe  -f CMakeFiles\cmTC_ac3b9.dir\build.make CMakeFiles/cmTC_ac3b9.dir/build
    mingw32-make[1]: Entering directory 'C:/Users/rytan/Downloads/ATCS/Unit_4/HashTableMovieReviewer2023/cmake-build-debug-coverage/CMakeFiles/CMakeScratch/TryCompile-sjmvp9'
    Building C object CMakeFiles/cmTC_ac3b9.dir/testCCompiler.c.obj
    C:\Users\rytan\AppData\Local\Programs\CLion\bin\mingw\bin\gcc.exe   -fprofile-instr-generate -fcoverage-mapping  -fdiagnostics-color=always -o CMakeFiles\cmTC_ac3b9.dir\testCCompiler.c.obj -c C:\Users\rytan\Downloads\ATCS\Unit_4\HashTableMovieReviewer2023\cmake-build-debug-coverage\CMakeFiles\CMakeScratch\TryCompile-sjmvp9\testCCompiler.c
    gcc.exe: error: unrecognized command-line option '-fprofile-instr-generate'; did you mean '-fprofile-generate'?
    gcc.exe: error: unrecognized command-line option '-fcoverage-mapping'
    mingw32-make[1]: *** [CMakeFiles\cmTC_ac3b9.dir\build.make:77: CMakeFiles/cmTC_ac3b9.dir/testCCompiler.c.obj] Error 1
    mingw32-make[1]: Leaving directory 'C:/Users/rytan/Downloads/ATCS/Unit_4/HashTableMovieReviewer2023/cmake-build-debug-coverage/CMakeFiles/CMakeScratch/TryCompile-sjmvp9'
    mingw32-make: *** [Makefile:126: cmTC_ac3b9/fast] Error 2
    
    

  

  CMake will not be able to correctly generate this project.
Call Stack (most recent call first):
  CMakeLists.txt:2 (project)


-- Configuring incomplete, errors occurred!
